[UART] UART0 is here (stdin/stdout).
510399482 
624549810 
692054839 
581988776 
447163782 
            cycles : 1583283
           instret : 1139369
             loads : 287150
            stores : 79348
           I$ miss : 20
   D$ regular miss : 580
  D$ prefetch miss : 0
        D$ release : 14777
         ITLB miss : 0
         DTLB miss : 0
       L2 TLB miss : 0
          branches : 49900
       mispredicts : 10819
load-use interlock : 176149
        I$ blocked : 840
        D$ blocked : 14837
