[UART] UART0 is here (stdin/stdout).
284286960 
981472877 
1292782501 
836258980 
1404268578 
            cycles : 2651093
           instret : 1784014
             loads : 449550
            stores : 124173
           I$ miss : 20
   D$ regular miss : 979
  D$ prefetch miss : 0
        D$ release : 25239
         ITLB miss : 0
         DTLB miss : 0
       L2 TLB miss : 0
          branches : 78000
       mispredicts : 16619
load-use interlock : 333852
        I$ blocked : 708
        D$ blocked : 56606
