[UART] UART0 is here (stdin/stdout).
379733114 
635986357 
1194089252 
410047288 
1240266268 
            cycles : 2650808
           instret : 1784061
             loads : 449550
            stores : 124173
           I$ miss : 20
   D$ regular miss : 979
  D$ prefetch miss : 0
        D$ release : 25242
         ITLB miss : 0
         DTLB miss : 0
       L2 TLB miss : 0
          branches : 78000
       mispredicts : 16480
load-use interlock : 333751
        I$ blocked : 762
        D$ blocked : 56876
