[UART] UART0 is here (stdin/stdout).
108463129 
1967455363 
1401127356 
1403964049 
1618546273 
            cycles : 1690123
           instret : 1139269
             loads : 287150
            stores : 79348
           I$ miss : 20
   D$ regular miss : 589
  D$ prefetch miss : 0
        D$ release : 16049
         ITLB miss : 0
         DTLB miss : 0
       L2 TLB miss : 0
          branches : 49900
       mispredicts : 10698
load-use interlock : 213487
        I$ blocked : 706
        D$ blocked : 34167
