[UART] UART0 is here (stdin/stdout).
1092248580 
1788012877 
928412345 
855980534 
121796730 
            cycles : 1691194
           instret : 1139328
             loads : 287150
            stores : 79348
           I$ miss : 20
   D$ regular miss : 589
  D$ prefetch miss : 0
        D$ release : 16055
         ITLB miss : 0
         DTLB miss : 0
       L2 TLB miss : 0
          branches : 49900
       mispredicts : 10799
load-use interlock : 213499
        I$ blocked : 758
        D$ blocked : 34382
