[UART] UART0 is here (stdin/stdout).
510399482 
624549810 
692054839 
581988776 
447163782 
            cycles : 1690345
           instret : 1139369
             loads : 287150
            stores : 79348
           I$ miss : 20
   D$ regular miss : 589
  D$ prefetch miss : 0
        D$ release : 16051
         ITLB miss : 0
         DTLB miss : 0
       L2 TLB miss : 0
          branches : 49900
       mispredicts : 10738
load-use interlock : 213484
        I$ blocked : 726
        D$ blocked : 34044
