[UART] UART0 is here (stdin/stdout).
1501198015 
1536984921 
1144742628 
1270683266 
84523289 
            cycles : 2479168
           instret : 1783960
             loads : 449550
            stores : 124173
           I$ miss : 20
   D$ regular miss : 977
  D$ prefetch miss : 0
        D$ release : 23204
         ITLB miss : 0
         DTLB miss : 0
       L2 TLB miss : 0
          branches : 78000
       mispredicts : 16888
load-use interlock : 275183
        I$ blocked : 822
        D$ blocked : 22965
