[UART] UART0 is here (stdin/stdout).
570625423 
2092496966 
996702754 
1705107551 
912261648 
            cycles : 2488047
           instret : 1784007
             loads : 449550
            stores : 124173
           I$ miss : 20
   D$ regular miss : 979
  D$ prefetch miss : 0
        D$ release : 23286
         ITLB miss : 0
         DTLB miss : 0
       L2 TLB miss : 0
          branches : 78000
       mispredicts : 16725
load-use interlock : 275809
        I$ blocked : 936
        D$ blocked : 25120
